app/build/intermediates/manifest_merge_blame_file/debug/manifest-merger-blame-debug-report.txt
1<?xml version="1.0" encoding="utf-8"?>
2<manifest xmlns:android="http://schemas.android.com/apk/res/android"
3    package="com.murach.tasklist"
4    android:versionCode="1"
5    android:versionName="1.0" >
6
7    <uses-sdk
8        android:minSdkVersion="15"
8-->src/main/AndroidManifest.xml
9        android:targetSdkVersion="23" />
9-->src/main/AndroidManifest.xml
10
11    <application
11-->src/main/AndroidManifest.xml:7:5-43:19
12        android:allowBackup="true"
12-->src/main/AndroidManifest.xml:8:9-35
13        android:debuggable="true"
14        android:icon="@drawable/app_icon"
14-->src/main/AndroidManifest.xml:9:9-42
15        android:label="@string/app_name"
15-->src/main/AndroidManifest.xml:10:9-41
16        android:testOnly="true"
17        android:theme="@style/AppTheme" >
17-->src/main/AndroidManifest.xml:11:9-40
18        <activity
18-->src/main/AndroidManifest.xml:12:9-18:20
19            android:name="com.murach.tasklist.SplashScreenActivity"
19-->src/main/AndroidManifest.xml:12:19-55
20            android:theme="@style/SplashTheme" >
20-->src/main/AndroidManifest.xml:12:56-90
21            <intent-filter>
21-->src/main/AndroidManifest.xml:13:13-17:29
22                <action android:name="android.intent.action.MAIN" />
22-->src/main/AndroidManifest.xml:14:17-69
22-->src/main/AndroidManifest.xml:14:25-66
23
24                <category android:name="android.intent.category.LAUNCHER" />
24-->src/main/AndroidManifest.xml:16:17-77
24-->src/main/AndroidManifest.xml:16:27-74
25            </intent-filter>
26        </activity>
27        <activity android:name="com.murach.tasklist.TaskListActivity" >
27-->src/main/AndroidManifest.xml:19:9-21:20
27-->src/main/AndroidManifest.xml:19:19-51
28        </activity>
29        <activity android:name="com.murach.tasklist.AddEditActivity" />
29-->src/main/AndroidManifest.xml:22:9-53
29-->src/main/AndroidManifest.xml:22:19-50
30
31        <provider
31-->src/main/AndroidManifest.xml:24:9-27:39
32            android:name="com.murach.tasklist.TaskListProvider"
32-->src/main/AndroidManifest.xml:25:13-45
33            android:authorities="com.murach.tasklist.provider"
33-->src/main/AndroidManifest.xml:26:13-63
34            android:exported="true" />
34-->src/main/AndroidManifest.xml:27:13-36
35
36        <receiver
36-->src/main/AndroidManifest.xml:29:9-42:20
37            android:name="com.murach.tasklist.AppWidgetTop3"
37-->src/main/AndroidManifest.xml:30:13-42
38            android:label="@string/appwidget_top3_label" >
38-->src/main/AndroidManifest.xml:31:13-57
39            <intent-filter>
39-->src/main/AndroidManifest.xml:32:13-34:29
40                <action android:name="android.appwidget.action.APPWIDGET_UPDATE" />
40-->src/main/AndroidManifest.xml:33:17-84
40-->src/main/AndroidManifest.xml:33:25-81
41            </intent-filter>
42            <intent-filter>
42-->src/main/AndroidManifest.xml:35:13-37:29
43                <action android:name="com.murach.tasklist.TASK_MODIFIED" />
43-->src/main/AndroidManifest.xml:36:17-76
43-->src/main/AndroidManifest.xml:36:25-73
44            </intent-filter>
45
46            <meta-data
46-->src/main/AndroidManifest.xml:39:13-41:64
47                android:name="android.appwidget.provider"
47-->src/main/AndroidManifest.xml:40:17-58
48                android:resource="@xml/app_widget_top3_info" />
48-->src/main/AndroidManifest.xml:41:17-61
49        </receiver>
50    </application>
51
52</manifest>